<?xml version="1.0" encoding="UTF-8"?>
<testng-results ignored="0" total="1" passed="1" failed="0" skipped="0">
  <reporter-output>
  </reporter-output>
  <suite started-at="2022-03-23T14:33:02 IST" name="Default suite" finished-at="2022-03-23T14:33:12 IST" duration-ms="9846">
    <groups>
    </groups>
    <test started-at="2022-03-23T14:33:02 IST" name="Default test" finished-at="2022-03-23T14:33:12 IST" duration-ms="9846">
      <class name="com.crm.testcases.PassParameterFromEclipseTest">
        <test-method signature="Login()[pri:0, instance:com.crm.testcases.PassParameterFromEclipseTest@5f9b2141]" started-at="2022-03-23T14:33:02 IST" name="Login" finished-at="2022-03-23T14:33:12 IST" duration-ms="9765" status="PASS">
          <reporter-output>
          </reporter-output>
        </test-method> <!-- Login -->
      </class> <!-- com.crm.testcases.PassParameterFromEclipseTest -->
    </test> <!-- Default test -->
  </suite> <!-- Default suite -->
</testng-results>
