<?xml version="1.0" encoding="UTF-8"?>
<testng-results skipped="0" failed="0" ignored="0" total="1" passed="1">
  <reporter-output>
  </reporter-output>
  <suite name="com.crm.testcases.PassParameterFromEclipseTest" duration-ms="11470" started-at="2022-03-23T14:46:11 IST" finished-at="2022-03-23T14:46:22 IST">
    <groups>
    </groups>
    <test name="Command line test" duration-ms="11470" started-at="2022-03-23T14:46:11 IST" finished-at="2022-03-23T14:46:22 IST">
      <class name="com.crm.testcases.PassParameterFromEclipseTest">
        <test-method status="PASS" signature="Login()[pri:0, instance:com.crm.testcases.PassParameterFromEclipseTest@a67c67e]" name="Login" duration-ms="11405" started-at="2022-03-23T14:46:11 IST" finished-at="2022-03-23T14:46:22 IST">
          <reporter-output>
          </reporter-output>
        </test-method> <!-- Login -->
      </class> <!-- com.crm.testcases.PassParameterFromEclipseTest -->
    </test> <!-- Command line test -->
  </suite> <!-- com.crm.testcases.PassParameterFromEclipseTest -->
</testng-results>
