<?xml version="1.0" encoding="UTF-8"?>
<!-- Generated by org.testng.reporters.JUnitXMLReporter -->
<testsuite hostname="DESKTOP-IHQNMNU" ignored="0" name="Command line test" tests="8" failures="0" timestamp="2022-03-23T14:44:03 IST" time="10.071" errors="0">
  <testcase name="ConsumedTest" time="0.006" classname="com.crm.testcases.CreateCampaignTest"/>
  <testcase name="CreateCampTest" time="0.0" classname="com.crm.testcases.CreateCampaignTest"/>
  <testcase name="ConsumedLeadTest" time="0.0" classname="com.crm.testcases.CreateContactTest"/>
  <testcase name="CreateconTest" time="0.0" classname="com.crm.testcases.CreateContactTest"/>
  <testcase name="ConsumedDemoTest" time="0.001" classname="com.crm.testcases.CreateorgTest"/>
  <testcase name="CreateListTest" time="0.001" classname="com.crm.testcases.CreateorgTest"/>
  <testcase name="Data" time="0.0" classname="com.crm.testcases.PassParameterFromCmdTest"/>
  <testcase name="Login" time="9.992" classname="com.crm.testcases.PassParameterFromEclipseTest"/>
</testsuite> <!-- Command line test -->
